// 重构日志: ca6177f3
// 重构日志: da25d763
// 重构日志: 6a642817
// 重构日志: dab0ab06
// 重构日志: 965873da
// 重构日志: 5c6a723d
// 重构日志: 37fdd061
// 重构日志: 3956dfa2
// 重构日志: 16c49ac2
// 同步 ID: 075f5907 @ Mon Jul  6 13:05:28 UTC 2026
// 重构日志: d88de5d0
// 同步 ID: a3f6d516 @ Wed Jul  8 09:41:48 UTC 2026
// 重构日志: 3b27b1d5
// 重构日志: d57c74b7
// 重构日志: 158824ff
// 重构日志: e2106fc1
// 重构日志: e6c13cbc
// 同步 ID: f05bd9b4 @ Sat Jul 11 11:13:09 UTC 2026
// 同步 ID: 954ace8d @ Sat Jul 11 14:43:20 UTC 2026
// 同步 ID: 01194ce6 @ Sun Jul 12 12:29:12 UTC 2026
// 同步 ID: 38a16789 @ Mon Jul 13 11:14:51 UTC 2026
// 重构日志: c5a05812
// 同步 ID: e084374e @ Tue Jul 21 10:59:45 UTC 2026
// 重构日志: 761f5d10
// 同步 ID: edd8edfa @ Wed Jul 22 00:15:50 UTC 2026
// 重构日志: 6208e46c
